<?xml version="1.0" encoding="UTF-8"?>
<!-- Generated by org.testng.reporters.JUnitReportReporter -->
<testsuite skipped="0" hostname="DESKTOP-RCAG5PJ" name="test.AddCustomerTest" tests="1" failures="0" timestamp="2020-12-14T20:54:10 CST" time="16.332" errors="0">
  <testcase name="usershouldbeabletoaddcustomer" time="16.332" classname="test.AddCustomerTest"/>
  <system-out/>
</testsuite> <!-- test.AddCustomerTest -->
